2024-02-13 14:22:32,483 DEBUG    root            Loaded Command Group: ['gcloud', 'components']
2024-02-13 14:22:32,485 DEBUG    root            Loaded Command Group: ['gcloud', 'components', 'update']
2024-02-13 14:22:32,487 DEBUG    root            Running [gcloud.components.update] with arguments: [--quiet: "True", COMPONENT-IDS:8: "['gcloud', 'core', 'bq', 'gsutil', 'compute', 'preview', 'alpha', 'beta']"]
2024-02-13 14:22:32,488 INFO     ___FILE_ONLY___ Beginning update. This process may take several minutes.

2024-02-13 14:22:32,493 DEBUG    urllib3.connectionpool Starting new HTTPS connection (1): dl.google.com:443
2024-02-13 14:22:32,559 DEBUG    urllib3.connectionpool https://dl.google.com:443 "GET /dl/cloudsdk/channels/rapid/components-2.json HTTP/1.1" 200 214442
2024-02-13 14:22:32,578 WARNING  root            Component [preview] no longer exists.
2024-02-13 14:22:32,578 WARNING  root            Component [compute] no longer exists.
2024-02-13 14:22:32,579 INFO     ___FILE_ONLY___ 

2024-02-13 14:22:32,579 INFO     ___FILE_ONLY___ 
Your current Google Cloud CLI version is: 463.0.0

2024-02-13 14:22:32,579 INFO     ___FILE_ONLY___ Installing components from version: 463.0.0

2024-02-13 14:22:32,579 INFO     ___FILE_ONLY___ 

2024-02-13 14:22:32,580 DEBUG    root            Chosen display Format:table[box,title="These components will be removed."](details.display_name:label=Name:align=left,version.version_string:label=Version:align=right,data.size.size(zero="",min=1048576):label=Size:align=right)
2024-02-13 14:22:32,580 DEBUG    root            Chosen display Format:table[box,title="These components will be updated."](details.display_name:label=Name:align=left,version.version_string:label=Version:align=right,data.size.size(zero="",min=1048576):label=Size:align=right)
2024-02-13 14:22:32,581 DEBUG    root            Chosen display Format:table[box,title="These components will be installed."](details.display_name:label=Name:align=left,version.version_string:label=Version:align=right,data.size.size(zero="",min=1048576):label=Size:align=right)
2024-02-13 14:22:32,582 INFO     ___FILE_ONLY___ ┌──────────────────────────────────────────────┐
2024-02-13 14:22:32,582 INFO     ___FILE_ONLY___ 

2024-02-13 14:22:32,583 INFO     ___FILE_ONLY___ │     These components will be installed.      │
2024-02-13 14:22:32,583 INFO     ___FILE_ONLY___ 

2024-02-13 14:22:32,583 INFO     ___FILE_ONLY___ ├───────────────────────┬────────────┬─────────┤
2024-02-13 14:22:32,583 INFO     ___FILE_ONLY___ 

2024-02-13 14:22:32,583 INFO     ___FILE_ONLY___ │          Name         │  Version   │   Size  │
2024-02-13 14:22:32,583 INFO     ___FILE_ONLY___ 

2024-02-13 14:22:32,583 INFO     ___FILE_ONLY___ ├───────────────────────┼────────────┼─────────┤
2024-02-13 14:22:32,583 INFO     ___FILE_ONLY___ 

2024-02-13 14:22:32,583 INFO     ___FILE_ONLY___ │ 
2024-02-13 14:22:32,583 INFO     ___FILE_ONLY___ gcloud Alpha Commands
2024-02-13 14:22:32,583 INFO     ___FILE_ONLY___  
2024-02-13 14:22:32,583 INFO     ___FILE_ONLY___ │ 
2024-02-13 14:22:32,583 INFO     ___FILE_ONLY___ 2024.02.02
2024-02-13 14:22:32,583 INFO     ___FILE_ONLY___  
2024-02-13 14:22:32,583 INFO     ___FILE_ONLY___ │ 
2024-02-13 14:22:32,584 INFO     ___FILE_ONLY___ < 1 MiB
2024-02-13 14:22:32,584 INFO     ___FILE_ONLY___  
2024-02-13 14:22:32,584 INFO     ___FILE_ONLY___ │
2024-02-13 14:22:32,584 INFO     ___FILE_ONLY___ 

2024-02-13 14:22:32,584 INFO     ___FILE_ONLY___ │ 
2024-02-13 14:22:32,584 INFO     ___FILE_ONLY___ gcloud Beta Commands 
2024-02-13 14:22:32,584 INFO     ___FILE_ONLY___  
2024-02-13 14:22:32,584 INFO     ___FILE_ONLY___ │ 
2024-02-13 14:22:32,584 INFO     ___FILE_ONLY___ 2024.02.02
2024-02-13 14:22:32,584 INFO     ___FILE_ONLY___  
2024-02-13 14:22:32,584 INFO     ___FILE_ONLY___ │ 
2024-02-13 14:22:32,584 INFO     ___FILE_ONLY___ < 1 MiB
2024-02-13 14:22:32,584 INFO     ___FILE_ONLY___  
2024-02-13 14:22:32,584 INFO     ___FILE_ONLY___ │
2024-02-13 14:22:32,584 INFO     ___FILE_ONLY___ 

2024-02-13 14:22:32,584 INFO     ___FILE_ONLY___ └───────────────────────┴────────────┴─────────┘
2024-02-13 14:22:32,585 INFO     ___FILE_ONLY___ 

2024-02-13 14:22:32,585 INFO     ___FILE_ONLY___ 

2024-02-13 14:22:32,588 DEBUG    urllib3.connectionpool Starting new HTTPS connection (1): dl.google.com:443
2024-02-13 14:22:32,654 DEBUG    urllib3.connectionpool https://dl.google.com:443 "GET /dl/cloudsdk/channels/rapid/RELEASE_NOTES HTTP/1.1" 200 1149781
2024-02-13 14:22:32,687 INFO     ___FILE_ONLY___ For the latest full release notes, please visit:
  https://cloud.google.com/sdk/release_notes


2024-02-13 14:22:32,689 INFO     ___FILE_ONLY___ ╔════════════════════════════════════════════════════════════╗

2024-02-13 14:22:32,689 INFO     ___FILE_ONLY___ ╠═ Creating update staging area                             ═╣

2024-02-13 14:22:32,689 INFO     ___FILE_ONLY___ ╚
2024-02-13 14:22:32,690 INFO     ___FILE_ONLY___ ══════
2024-02-13 14:22:33,302 INFO     ___FILE_ONLY___ ══════
2024-02-13 14:22:33,302 INFO     ___FILE_ONLY___ ══════
2024-02-13 14:22:33,548 INFO     ___FILE_ONLY___ ═
2024-02-13 14:22:33,612 INFO     ___FILE_ONLY___ ═
2024-02-13 14:22:33,731 INFO     ___FILE_ONLY___ ═
2024-02-13 14:22:33,810 INFO     ___FILE_ONLY___ ═
2024-02-13 14:22:33,926 INFO     ___FILE_ONLY___ ═
2024-02-13 14:22:34,018 INFO     ___FILE_ONLY___ ═
2024-02-13 14:22:34,110 INFO     ___FILE_ONLY___ ═
2024-02-13 14:22:34,185 INFO     ___FILE_ONLY___ ═
2024-02-13 14:22:34,407 INFO     ___FILE_ONLY___ ═
2024-02-13 14:22:34,535 INFO     ___FILE_ONLY___ ═
2024-02-13 14:22:34,661 INFO     ___FILE_ONLY___ ═
2024-02-13 14:22:35,248 INFO     ___FILE_ONLY___ ═
2024-02-13 14:22:35,315 INFO     ___FILE_ONLY___ ═
2024-02-13 14:22:35,383 INFO     ___FILE_ONLY___ ═
2024-02-13 14:22:35,455 INFO     ___FILE_ONLY___ ═
2024-02-13 14:22:35,511 INFO     ___FILE_ONLY___ ═
2024-02-13 14:22:35,642 INFO     ___FILE_ONLY___ ═
2024-02-13 14:22:35,714 INFO     ___FILE_ONLY___ ═
2024-02-13 14:22:35,787 INFO     ___FILE_ONLY___ ═
2024-02-13 14:22:35,841 INFO     ___FILE_ONLY___ ═
2024-02-13 14:22:35,896 INFO     ___FILE_ONLY___ ═
2024-02-13 14:22:35,956 INFO     ___FILE_ONLY___ ═
2024-02-13 14:22:36,027 INFO     ___FILE_ONLY___ ═
2024-02-13 14:22:36,106 INFO     ___FILE_ONLY___ ═
2024-02-13 14:22:36,177 INFO     ___FILE_ONLY___ ═
2024-02-13 14:22:36,230 INFO     ___FILE_ONLY___ ═
2024-02-13 14:22:36,302 INFO     ___FILE_ONLY___ ═
2024-02-13 14:22:36,375 INFO     ___FILE_ONLY___ ═
2024-02-13 14:22:36,453 INFO     ___FILE_ONLY___ ═
2024-02-13 14:22:36,528 INFO     ___FILE_ONLY___ ═
2024-02-13 14:22:36,611 INFO     ___FILE_ONLY___ ═
2024-02-13 14:22:36,679 INFO     ___FILE_ONLY___ ═
2024-02-13 14:22:36,745 INFO     ___FILE_ONLY___ ═
2024-02-13 14:22:36,815 INFO     ___FILE_ONLY___ ═
2024-02-13 14:22:36,865 INFO     ___FILE_ONLY___ ═
2024-02-13 14:22:36,980 INFO     ___FILE_ONLY___ ═
2024-02-13 14:22:37,113 INFO     ___FILE_ONLY___ ═
2024-02-13 14:22:37,202 INFO     ___FILE_ONLY___ ═
2024-02-13 14:22:37,274 INFO     ___FILE_ONLY___ ═
2024-02-13 14:22:37,315 INFO     ___FILE_ONLY___ ═
2024-02-13 14:22:37,352 INFO     ___FILE_ONLY___ ═
2024-02-13 14:22:37,392 INFO     ___FILE_ONLY___ ═
2024-02-13 14:22:37,392 INFO     ___FILE_ONLY___ ╝

2024-02-13 14:22:39,634 INFO     ___FILE_ONLY___ ╔════════════════════════════════════════════════════════════╗

2024-02-13 14:22:39,634 INFO     ___FILE_ONLY___ ╠═ Installing: gcloud Alpha Commands                        ═╣

2024-02-13 14:22:39,635 INFO     ___FILE_ONLY___ ╚
2024-02-13 14:22:39,638 DEBUG    urllib3.connectionpool Starting new HTTPS connection (1): dl.google.com:443
2024-02-13 14:22:39,704 DEBUG    urllib3.connectionpool https://dl.google.com:443 "GET /dl/cloudsdk/channels/rapid/components/google-cloud-sdk-alpha-20240202164548.tar.gz HTTP/1.1" 200 800
2024-02-13 14:22:39,704 INFO     ___FILE_ONLY___ ══════════════════════════════
2024-02-13 14:22:39,706 INFO     ___FILE_ONLY___ ══════════════════════════════
2024-02-13 14:22:39,706 INFO     ___FILE_ONLY___ ╝

2024-02-13 14:22:39,713 INFO     ___FILE_ONLY___ ╔════════════════════════════════════════════════════════════╗

2024-02-13 14:22:39,713 INFO     ___FILE_ONLY___ ╠═ Installing: gcloud Beta Commands                         ═╣

2024-02-13 14:22:39,713 INFO     ___FILE_ONLY___ ╚
2024-02-13 14:22:39,717 DEBUG    urllib3.connectionpool Starting new HTTPS connection (1): dl.google.com:443
2024-02-13 14:22:39,780 DEBUG    urllib3.connectionpool https://dl.google.com:443 "GET /dl/cloudsdk/channels/rapid/components/google-cloud-sdk-beta-20240202164548.tar.gz HTTP/1.1" 200 797
2024-02-13 14:22:39,780 INFO     ___FILE_ONLY___ ══════════════════════════════
2024-02-13 14:22:39,781 INFO     ___FILE_ONLY___ ══════════════════════════════
2024-02-13 14:22:39,781 INFO     ___FILE_ONLY___ ╝

2024-02-13 14:22:39,789 INFO     ___FILE_ONLY___ ╔════════════════════════════════════════════════════════════╗

2024-02-13 14:22:39,789 INFO     ___FILE_ONLY___ ╠═ Creating backup and activating new installation          ═╣

2024-02-13 14:22:39,789 INFO     ___FILE_ONLY___ ╚
2024-02-13 14:22:39,789 DEBUG    root            Attempting to move directory [/tools/google-cloud-sdk] to [/tools/google-cloud-sdk.staging/.install/.backup]
2024-02-13 14:22:39,789 INFO     ___FILE_ONLY___ ══════════════════════════════
2024-02-13 14:22:39,789 DEBUG    root            Attempting to move directory [/tools/google-cloud-sdk.staging] to [/tools/google-cloud-sdk]
2024-02-13 14:22:39,790 INFO     ___FILE_ONLY___ ══════════════════════════════
2024-02-13 14:22:39,790 INFO     ___FILE_ONLY___ ╝

2024-02-13 14:22:39,794 DEBUG    root            Updating notification cache...
2024-02-13 14:22:39,794 INFO     ___FILE_ONLY___ 

2024-02-13 14:22:39,796 INFO     ___FILE_ONLY___ Performing post processing steps...
2024-02-13 14:22:39,797 DEBUG    root            Executing command: ['python3', '-S', '/tools/google-cloud-sdk/lib/gcloud.py', 'components', 'post-process']
2024-02-13 14:22:48,852 DEBUG    ___FILE_ONLY___ 
2024-02-13 14:22:48,852 DEBUG    ___FILE_ONLY___ 
2024-02-13 14:22:49,060 INFO     ___FILE_ONLY___ 
Update done!


2024-02-13 14:22:49,064 DEBUG    root            Chosen display Format:none
2024-02-13 14:22:49,064 INFO     root            Display format: "none"
